CRITICAL - 2025-06-03 13:55:13 --> CodeIgniter\View\Exceptions\ViewException: Invalid file: "partials/footer.php"
[Method: GET, Route: enviar]
in SYSTEMPATH\Exceptions\FrameworkException.php on line 39.
 1 SYSTEMPATH\View\View.php(212): CodeIgniter\Exceptions\FrameworkException::forInvalidFile('partials/footer.php')
 2 SYSTEMPATH\Common.php(1173): CodeIgniter\View\View->render('partials/footer', [], true)
 3 APPPATH\Views\enviar.php(60): view('partials/footer')
 4 SYSTEMPATH\View\View.php(224): include('C:\\xampp\\htdocs\\proyecto_base\\app\\Views\\enviar.php')
 5 SYSTEMPATH\View\View.php(227): CodeIgniter\View\View->CodeIgniter\View\{closure}()
 6 SYSTEMPATH\Common.php(1173): CodeIgniter\View\View->render('enviar', [], true)
 7 APPPATH\Controllers\Paginas.php(19): view('enviar')
 8 SYSTEMPATH\CodeIgniter.php(933): App\Controllers\Paginas->enviar()
 9 SYSTEMPATH\CodeIgniter.php(507): CodeIgniter\CodeIgniter->runController(Object(App\Controllers\Paginas))
10 SYSTEMPATH\CodeIgniter.php(354): CodeIgniter\CodeIgniter->handleRequest(null, Object(Config\Cache), false)
11 SYSTEMPATH\Boot.php(334): CodeIgniter\CodeIgniter->run()
12 SYSTEMPATH\Boot.php(67): CodeIgniter\Boot::runCodeIgniter(Object(CodeIgniter\CodeIgniter))
13 FCPATH\index.php(59): CodeIgniter\Boot::bootWeb(Object(Config\Paths))
CRITICAL - 2025-06-03 13:55:47 --> CodeIgniter\View\Exceptions\ViewException: Invalid file: "partials/footer.php"
[Method: GET, Route: enviar]
in SYSTEMPATH\Exceptions\FrameworkException.php on line 39.
 1 SYSTEMPATH\View\View.php(212): CodeIgniter\Exceptions\FrameworkException::forInvalidFile('partials/footer.php')
 2 SYSTEMPATH\Common.php(1173): CodeIgniter\View\View->render('partials/footer', [], true)
 3 APPPATH\Views\enviar.php(60): view('partials/footer')
 4 SYSTEMPATH\View\View.php(224): include('C:\\xampp\\htdocs\\proyecto_base\\app\\Views\\enviar.php')
 5 SYSTEMPATH\View\View.php(227): CodeIgniter\View\View->CodeIgniter\View\{closure}()
 6 SYSTEMPATH\Common.php(1173): CodeIgniter\View\View->render('enviar', [], true)
 7 APPPATH\Controllers\Paginas.php(19): view('enviar')
 8 SYSTEMPATH\CodeIgniter.php(933): App\Controllers\Paginas->enviar()
 9 SYSTEMPATH\CodeIgniter.php(507): CodeIgniter\CodeIgniter->runController(Object(App\Controllers\Paginas))
10 SYSTEMPATH\CodeIgniter.php(354): CodeIgniter\CodeIgniter->handleRequest(null, Object(Config\Cache), false)
11 SYSTEMPATH\Boot.php(334): CodeIgniter\CodeIgniter->run()
12 SYSTEMPATH\Boot.php(67): CodeIgniter\Boot::runCodeIgniter(Object(CodeIgniter\CodeIgniter))
13 FCPATH\index.php(59): CodeIgniter\Boot::bootWeb(Object(Config\Paths))
CRITICAL - 2025-06-03 13:55:55 --> CodeIgniter\View\Exceptions\ViewException: Invalid file: "partials/footer.php"
[Method: GET, Route: enviar]
in SYSTEMPATH\Exceptions\FrameworkException.php on line 39.
 1 SYSTEMPATH\View\View.php(212): CodeIgniter\Exceptions\FrameworkException::forInvalidFile('partials/footer.php')
 2 SYSTEMPATH\Common.php(1173): CodeIgniter\View\View->render('partials/footer', [], true)
 3 APPPATH\Views\enviar.php(60): view('partials/footer')
 4 SYSTEMPATH\View\View.php(224): include('C:\\xampp\\htdocs\\proyecto_base\\app\\Views\\enviar.php')
 5 SYSTEMPATH\View\View.php(227): CodeIgniter\View\View->CodeIgniter\View\{closure}()
 6 SYSTEMPATH\Common.php(1173): CodeIgniter\View\View->render('enviar', [], true)
 7 APPPATH\Controllers\Paginas.php(19): view('enviar')
 8 SYSTEMPATH\CodeIgniter.php(933): App\Controllers\Paginas->enviar()
 9 SYSTEMPATH\CodeIgniter.php(507): CodeIgniter\CodeIgniter->runController(Object(App\Controllers\Paginas))
10 SYSTEMPATH\CodeIgniter.php(354): CodeIgniter\CodeIgniter->handleRequest(null, Object(Config\Cache), false)
11 SYSTEMPATH\Boot.php(334): CodeIgniter\CodeIgniter->run()
12 SYSTEMPATH\Boot.php(67): CodeIgniter\Boot::runCodeIgniter(Object(CodeIgniter\CodeIgniter))
13 FCPATH\index.php(59): CodeIgniter\Boot::bootWeb(Object(Config\Paths))
CRITICAL - 2025-06-03 13:59:43 --> CodeIgniter\View\Exceptions\ViewException: Invalid file: "partials/footer.php"
[Method: GET, Route: enviar]
in SYSTEMPATH\Exceptions\FrameworkException.php on line 39.
 1 SYSTEMPATH\View\View.php(212): CodeIgniter\Exceptions\FrameworkException::forInvalidFile('partials/footer.php')
 2 SYSTEMPATH\Common.php(1173): CodeIgniter\View\View->render('partials/footer', [], true)
 3 APPPATH\Views\enviar.php(60): view('partials/footer')
 4 SYSTEMPATH\View\View.php(224): include('C:\\xampp\\htdocs\\proyecto_base\\app\\Views\\enviar.php')
 5 SYSTEMPATH\View\View.php(227): CodeIgniter\View\View->CodeIgniter\View\{closure}()
 6 SYSTEMPATH\Common.php(1173): CodeIgniter\View\View->render('enviar', [], true)
 7 APPPATH\Controllers\Paginas.php(19): view('enviar')
 8 SYSTEMPATH\CodeIgniter.php(933): App\Controllers\Paginas->enviar()
 9 SYSTEMPATH\CodeIgniter.php(507): CodeIgniter\CodeIgniter->runController(Object(App\Controllers\Paginas))
10 SYSTEMPATH\CodeIgniter.php(354): CodeIgniter\CodeIgniter->handleRequest(null, Object(Config\Cache), false)
11 SYSTEMPATH\Boot.php(334): CodeIgniter\CodeIgniter->run()
12 SYSTEMPATH\Boot.php(67): CodeIgniter\Boot::runCodeIgniter(Object(CodeIgniter\CodeIgniter))
13 FCPATH\index.php(59): CodeIgniter\Boot::bootWeb(Object(Config\Paths))
CRITICAL - 2025-06-03 13:59:51 --> CodeIgniter\View\Exceptions\ViewException: Invalid file: "partials/footer.php"
[Method: GET, Route: acerca]
in SYSTEMPATH\Exceptions\FrameworkException.php on line 39.
 1 SYSTEMPATH\View\View.php(212): CodeIgniter\Exceptions\FrameworkException::forInvalidFile('partials/footer.php')
 2 SYSTEMPATH\Common.php(1173): CodeIgniter\View\View->render('partials/footer', [], true)
 3 APPPATH\Views\acerca.php(49): view('partials/footer')
 4 SYSTEMPATH\View\View.php(224): include('C:\\xampp\\htdocs\\proyecto_base\\app\\Views\\acerca.php')
 5 SYSTEMPATH\View\View.php(227): CodeIgniter\View\View->CodeIgniter\View\{closure}()
 6 SYSTEMPATH\Common.php(1173): CodeIgniter\View\View->render('acerca', [], true)
 7 APPPATH\Controllers\Paginas.php(29): view('acerca')
 8 SYSTEMPATH\CodeIgniter.php(933): App\Controllers\Paginas->acerca()
 9 SYSTEMPATH\CodeIgniter.php(507): CodeIgniter\CodeIgniter->runController(Object(App\Controllers\Paginas))
10 SYSTEMPATH\CodeIgniter.php(354): CodeIgniter\CodeIgniter->handleRequest(null, Object(Config\Cache), false)
11 SYSTEMPATH\Boot.php(334): CodeIgniter\CodeIgniter->run()
12 SYSTEMPATH\Boot.php(67): CodeIgniter\Boot::runCodeIgniter(Object(CodeIgniter\CodeIgniter))
13 FCPATH\index.php(59): CodeIgniter\Boot::bootWeb(Object(Config\Paths))
CRITICAL - 2025-06-03 14:00:03 --> CodeIgniter\View\Exceptions\ViewException: Invalid file: "partials/footer.php"
[Method: GET, Route: acerca]
in SYSTEMPATH\Exceptions\FrameworkException.php on line 39.
 1 SYSTEMPATH\View\View.php(212): CodeIgniter\Exceptions\FrameworkException::forInvalidFile('partials/footer.php')
 2 SYSTEMPATH\Common.php(1173): CodeIgniter\View\View->render('partials/footer', [], true)
 3 APPPATH\Views\acerca.php(49): view('partials/footer')
 4 SYSTEMPATH\View\View.php(224): include('C:\\xampp\\htdocs\\proyecto_base\\app\\Views\\acerca.php')
 5 SYSTEMPATH\View\View.php(227): CodeIgniter\View\View->CodeIgniter\View\{closure}()
 6 SYSTEMPATH\Common.php(1173): CodeIgniter\View\View->render('acerca', [], true)
 7 APPPATH\Controllers\Paginas.php(29): view('acerca')
 8 SYSTEMPATH\CodeIgniter.php(933): App\Controllers\Paginas->acerca()
 9 SYSTEMPATH\CodeIgniter.php(507): CodeIgniter\CodeIgniter->runController(Object(App\Controllers\Paginas))
10 SYSTEMPATH\CodeIgniter.php(354): CodeIgniter\CodeIgniter->handleRequest(null, Object(Config\Cache), false)
11 SYSTEMPATH\Boot.php(334): CodeIgniter\CodeIgniter->run()
12 SYSTEMPATH\Boot.php(67): CodeIgniter\Boot::runCodeIgniter(Object(CodeIgniter\CodeIgniter))
13 FCPATH\index.php(59): CodeIgniter\Boot::bootWeb(Object(Config\Paths))
CRITICAL - 2025-06-03 14:04:29 --> CodeIgniter\View\Exceptions\ViewException: Invalid file: "partials/footer.php"
[Method: GET, Route: enviar]
in SYSTEMPATH\Exceptions\FrameworkException.php on line 39.
 1 SYSTEMPATH\View\View.php(212): CodeIgniter\Exceptions\FrameworkException::forInvalidFile('partials/footer.php')
 2 SYSTEMPATH\Common.php(1173): CodeIgniter\View\View->render('partials/footer', [], true)
 3 APPPATH\Views\enviar.php(60): view('partials/footer')
 4 SYSTEMPATH\View\View.php(224): include('C:\\xampp\\htdocs\\proyecto_base\\app\\Views\\enviar.php')
 5 SYSTEMPATH\View\View.php(227): CodeIgniter\View\View->CodeIgniter\View\{closure}()
 6 SYSTEMPATH\Common.php(1173): CodeIgniter\View\View->render('enviar', [], true)
 7 APPPATH\Controllers\Paginas.php(19): view('enviar')
 8 SYSTEMPATH\CodeIgniter.php(933): App\Controllers\Paginas->enviar()
 9 SYSTEMPATH\CodeIgniter.php(507): CodeIgniter\CodeIgniter->runController(Object(App\Controllers\Paginas))
10 SYSTEMPATH\CodeIgniter.php(354): CodeIgniter\CodeIgniter->handleRequest(null, Object(Config\Cache), false)
11 SYSTEMPATH\Boot.php(334): CodeIgniter\CodeIgniter->run()
12 SYSTEMPATH\Boot.php(67): CodeIgniter\Boot::runCodeIgniter(Object(CodeIgniter\CodeIgniter))
13 FCPATH\index.php(59): CodeIgniter\Boot::bootWeb(Object(Config\Paths))
CRITICAL - 2025-06-03 14:04:36 --> CodeIgniter\View\Exceptions\ViewException: Invalid file: "partials/footer.php"
[Method: GET, Route: acerca]
in SYSTEMPATH\Exceptions\FrameworkException.php on line 39.
 1 SYSTEMPATH\View\View.php(212): CodeIgniter\Exceptions\FrameworkException::forInvalidFile('partials/footer.php')
 2 SYSTEMPATH\Common.php(1173): CodeIgniter\View\View->render('partials/footer', [], true)
 3 APPPATH\Views\acerca.php(49): view('partials/footer')
 4 SYSTEMPATH\View\View.php(224): include('C:\\xampp\\htdocs\\proyecto_base\\app\\Views\\acerca.php')
 5 SYSTEMPATH\View\View.php(227): CodeIgniter\View\View->CodeIgniter\View\{closure}()
 6 SYSTEMPATH\Common.php(1173): CodeIgniter\View\View->render('acerca', [], true)
 7 APPPATH\Controllers\Paginas.php(29): view('acerca')
 8 SYSTEMPATH\CodeIgniter.php(933): App\Controllers\Paginas->acerca()
 9 SYSTEMPATH\CodeIgniter.php(507): CodeIgniter\CodeIgniter->runController(Object(App\Controllers\Paginas))
10 SYSTEMPATH\CodeIgniter.php(354): CodeIgniter\CodeIgniter->handleRequest(null, Object(Config\Cache), false)
11 SYSTEMPATH\Boot.php(334): CodeIgniter\CodeIgniter->run()
12 SYSTEMPATH\Boot.php(67): CodeIgniter\Boot::runCodeIgniter(Object(CodeIgniter\CodeIgniter))
13 FCPATH\index.php(59): CodeIgniter\Boot::bootWeb(Object(Config\Paths))
CRITICAL - 2025-06-03 14:05:19 --> CodeIgniter\View\Exceptions\ViewException: Invalid file: "partials/footer.php"
[Method: GET, Route: enviar]
in SYSTEMPATH\Exceptions\FrameworkException.php on line 39.
 1 SYSTEMPATH\View\View.php(212): CodeIgniter\Exceptions\FrameworkException::forInvalidFile('partials/footer.php')
 2 SYSTEMPATH\Common.php(1173): CodeIgniter\View\View->render('partials/footer', [], true)
 3 APPPATH\Views\enviar.php(60): view('partials/footer')
 4 SYSTEMPATH\View\View.php(224): include('C:\\xampp\\htdocs\\proyecto_base\\app\\Views\\enviar.php')
 5 SYSTEMPATH\View\View.php(227): CodeIgniter\View\View->CodeIgniter\View\{closure}()
 6 SYSTEMPATH\Common.php(1173): CodeIgniter\View\View->render('enviar', [], true)
 7 APPPATH\Controllers\Paginas.php(19): view('enviar')
 8 SYSTEMPATH\CodeIgniter.php(933): App\Controllers\Paginas->enviar()
 9 SYSTEMPATH\CodeIgniter.php(507): CodeIgniter\CodeIgniter->runController(Object(App\Controllers\Paginas))
10 SYSTEMPATH\CodeIgniter.php(354): CodeIgniter\CodeIgniter->handleRequest(null, Object(Config\Cache), false)
11 SYSTEMPATH\Boot.php(334): CodeIgniter\CodeIgniter->run()
12 SYSTEMPATH\Boot.php(67): CodeIgniter\Boot::runCodeIgniter(Object(CodeIgniter\CodeIgniter))
13 FCPATH\index.php(59): CodeIgniter\Boot::bootWeb(Object(Config\Paths))
CRITICAL - 2025-06-03 14:23:27 --> CodeIgniter\View\Exceptions\ViewException: Invalid file: "partials/footer.php"
[Method: GET, Route: enviar]
in SYSTEMPATH\Exceptions\FrameworkException.php on line 39.
 1 SYSTEMPATH\View\View.php(212): CodeIgniter\Exceptions\FrameworkException::forInvalidFile('partials/footer.php')
 2 SYSTEMPATH\Common.php(1173): CodeIgniter\View\View->render('partials/footer', [], true)
 3 APPPATH\Views\enviar.php(60): view('partials/footer')
 4 SYSTEMPATH\View\View.php(224): include('C:\\xampp\\htdocs\\proyecto_base\\app\\Views\\enviar.php')
 5 SYSTEMPATH\View\View.php(227): CodeIgniter\View\View->CodeIgniter\View\{closure}()
 6 SYSTEMPATH\Common.php(1173): CodeIgniter\View\View->render('enviar', [], true)
 7 APPPATH\Controllers\Paginas.php(19): view('enviar')
 8 SYSTEMPATH\CodeIgniter.php(933): App\Controllers\Paginas->enviar()
 9 SYSTEMPATH\CodeIgniter.php(507): CodeIgniter\CodeIgniter->runController(Object(App\Controllers\Paginas))
10 SYSTEMPATH\CodeIgniter.php(354): CodeIgniter\CodeIgniter->handleRequest(null, Object(Config\Cache), false)
11 SYSTEMPATH\Boot.php(334): CodeIgniter\CodeIgniter->run()
12 SYSTEMPATH\Boot.php(67): CodeIgniter\Boot::runCodeIgniter(Object(CodeIgniter\CodeIgniter))
13 FCPATH\index.php(59): CodeIgniter\Boot::bootWeb(Object(Config\Paths))
CRITICAL - 2025-06-03 14:23:56 --> CodeIgniter\View\Exceptions\ViewException: Invalid file: "partials/footer.php"
[Method: GET, Route: acerca]
in SYSTEMPATH\Exceptions\FrameworkException.php on line 39.
 1 SYSTEMPATH\View\View.php(212): CodeIgniter\Exceptions\FrameworkException::forInvalidFile('partials/footer.php')
 2 SYSTEMPATH\Common.php(1173): CodeIgniter\View\View->render('partials/footer', [], true)
 3 APPPATH\Views\acerca.php(49): view('partials/footer')
 4 SYSTEMPATH\View\View.php(224): include('C:\\xampp\\htdocs\\proyecto_base\\app\\Views\\acerca.php')
 5 SYSTEMPATH\View\View.php(227): CodeIgniter\View\View->CodeIgniter\View\{closure}()
 6 SYSTEMPATH\Common.php(1173): CodeIgniter\View\View->render('acerca', [], true)
 7 APPPATH\Controllers\Paginas.php(29): view('acerca')
 8 SYSTEMPATH\CodeIgniter.php(933): App\Controllers\Paginas->acerca()
 9 SYSTEMPATH\CodeIgniter.php(507): CodeIgniter\CodeIgniter->runController(Object(App\Controllers\Paginas))
10 SYSTEMPATH\CodeIgniter.php(354): CodeIgniter\CodeIgniter->handleRequest(null, Object(Config\Cache), false)
11 SYSTEMPATH\Boot.php(334): CodeIgniter\CodeIgniter->run()
12 SYSTEMPATH\Boot.php(67): CodeIgniter\Boot::runCodeIgniter(Object(CodeIgniter\CodeIgniter))
13 FCPATH\index.php(59): CodeIgniter\Boot::bootWeb(Object(Config\Paths))
CRITICAL - 2025-06-03 14:43:28 --> CodeIgniter\View\Exceptions\ViewException: Invalid file: "partials/footer.php"
[Method: GET, Route: enviar]
in SYSTEMPATH\Exceptions\FrameworkException.php on line 39.
 1 SYSTEMPATH\View\View.php(212): CodeIgniter\Exceptions\FrameworkException::forInvalidFile('partials/footer.php')
 2 SYSTEMPATH\Common.php(1173): CodeIgniter\View\View->render('partials/footer', [], true)
 3 APPPATH\Views\enviar.php(60): view('partials/footer')
 4 SYSTEMPATH\View\View.php(224): include('C:\\xampp\\htdocs\\proyecto_base\\app\\Views\\enviar.php')
 5 SYSTEMPATH\View\View.php(227): CodeIgniter\View\View->CodeIgniter\View\{closure}()
 6 SYSTEMPATH\Common.php(1173): CodeIgniter\View\View->render('enviar', [], true)
 7 APPPATH\Controllers\Paginas.php(19): view('enviar')
 8 SYSTEMPATH\CodeIgniter.php(933): App\Controllers\Paginas->enviar()
 9 SYSTEMPATH\CodeIgniter.php(507): CodeIgniter\CodeIgniter->runController(Object(App\Controllers\Paginas))
10 SYSTEMPATH\CodeIgniter.php(354): CodeIgniter\CodeIgniter->handleRequest(null, Object(Config\Cache), false)
11 SYSTEMPATH\Boot.php(334): CodeIgniter\CodeIgniter->run()
12 SYSTEMPATH\Boot.php(67): CodeIgniter\Boot::runCodeIgniter(Object(CodeIgniter\CodeIgniter))
13 FCPATH\index.php(59): CodeIgniter\Boot::bootWeb(Object(Config\Paths))
CRITICAL - 2025-06-03 14:58:11 --> CodeIgniter\View\Exceptions\ViewException: Invalid file: "partials/footer.php"
[Method: GET, Route: acerca]
in SYSTEMPATH\Exceptions\FrameworkException.php on line 39.
 1 SYSTEMPATH\View\View.php(212): CodeIgniter\Exceptions\FrameworkException::forInvalidFile('partials/footer.php')
 2 SYSTEMPATH\Common.php(1173): CodeIgniter\View\View->render('partials/footer', [], true)
 3 APPPATH\Views\acerca.php(49): view('partials/footer')
 4 SYSTEMPATH\View\View.php(224): include('C:\\xampp\\htdocs\\proyecto_base\\app\\Views\\acerca.php')
 5 SYSTEMPATH\View\View.php(227): CodeIgniter\View\View->CodeIgniter\View\{closure}()
 6 SYSTEMPATH\Common.php(1173): CodeIgniter\View\View->render('acerca', [], true)
 7 APPPATH\Controllers\Paginas.php(29): view('acerca')
 8 SYSTEMPATH\CodeIgniter.php(933): App\Controllers\Paginas->acerca()
 9 SYSTEMPATH\CodeIgniter.php(507): CodeIgniter\CodeIgniter->runController(Object(App\Controllers\Paginas))
10 SYSTEMPATH\CodeIgniter.php(354): CodeIgniter\CodeIgniter->handleRequest(null, Object(Config\Cache), false)
11 SYSTEMPATH\Boot.php(334): CodeIgniter\CodeIgniter->run()
12 SYSTEMPATH\Boot.php(67): CodeIgniter\Boot::runCodeIgniter(Object(CodeIgniter\CodeIgniter))
13 FCPATH\index.php(59): CodeIgniter\Boot::bootWeb(Object(Config\Paths))
